<?xml version="1.0" encoding="UTF-8"?>
<!-- Generated by org.testng.reporters.JUnitReportReporter -->
<testsuite skipped="0" hostname="DESKTOP-USDV5F7" name="com.sauceDemo.TestClasses.TestNG" tests="1" failures="0" timestamp="2022-04-14T21:11:45 IST" time="0.019" errors="0">
  <testcase name="Method1" time="0.019" classname="com.sauceDemo.TestClasses.TestNG"/>
  <system-out/>
</testsuite> <!-- com.sauceDemo.TestClasses.TestNG -->
